Determining if the function epoll_create exists failed with the following output:
Change Dir: /Users/wliu/Code/fly/CMakeFiles/CMakeTmp

Run Build Command:/usr/bin/make "cmTryCompileExec3553850261/fast"
/Applications/Xcode.app/Contents/Developer/usr/bin/make -f CMakeFiles/cmTryCompileExec3553850261.dir/build.make CMakeFiles/cmTryCompileExec3553850261.dir/build
/usr/local/bin/cmake -E cmake_progress_report /Users/wliu/Code/fly/CMakeFiles/CMakeTmp/CMakeFiles 1
Building C object CMakeFiles/cmTryCompileExec3553850261.dir/CheckFunctionExists.c.o
/usr/bin/cc   -g -DCHECK_FUNCTION_EXISTS=epoll_create   -o CMakeFiles/cmTryCompileExec3553850261.dir/CheckFunctionExists.c.o   -c /usr/local/share/cmake-2.8/Modules/CheckFunctionExists.c
Linking C executable cmTryCompileExec3553850261
/usr/local/bin/cmake -E cmake_link_script CMakeFiles/cmTryCompileExec3553850261.dir/link.txt --verbose=1
/usr/bin/cc  -g -DCHECK_FUNCTION_EXISTS=epoll_create -Wl,-search_paths_first -Wl,-headerpad_max_install_names   CMakeFiles/cmTryCompileExec3553850261.dir/CheckFunctionExists.c.o  -o cmTryCompileExec3553850261  
Undefined symbols for architecture x86_64:
  "_epoll_create", referenced from:
      _main in CheckFunctionExists.c.o
ld: symbol(s) not found for architecture x86_64
clang: error: linker command failed with exit code 1 (use -v to see invocation)
make[1]: *** [cmTryCompileExec3553850261] Error 1
make: *** [cmTryCompileExec3553850261/fast] Error 2


Determining if files malloc.h exist failed with the following output:
Change Dir: /Users/wliu/Code/fly/CMakeFiles/CMakeTmp

Run Build Command:/usr/bin/make "cmTryCompileExec373551833/fast"
/Applications/Xcode.app/Contents/Developer/usr/bin/make -f CMakeFiles/cmTryCompileExec373551833.dir/build.make CMakeFiles/cmTryCompileExec373551833.dir/build
/usr/local/bin/cmake -E cmake_progress_report /Users/wliu/Code/fly/CMakeFiles/CMakeTmp/CMakeFiles 1
Building C object CMakeFiles/cmTryCompileExec373551833.dir/CheckIncludeFiles.c.o
/usr/bin/cc   -g    -o CMakeFiles/cmTryCompileExec373551833.dir/CheckIncludeFiles.c.o   -c /Users/wliu/Code/fly/CMakeFiles/CMakeTmp/CheckIncludeFiles.c
/Users/wliu/Code/fly/CMakeFiles/CMakeTmp/CheckIncludeFiles.c:2:10: fatal error: 'malloc.h' file not found
#include <malloc.h>
         ^
1 error generated.
make[1]: *** [CMakeFiles/cmTryCompileExec373551833.dir/CheckIncludeFiles.c.o] Error 1
make: *** [cmTryCompileExec373551833/fast] Error 2

Source:
/* */
#include <malloc.h>


int main(){return 0;}

